<?xml version="1.0" encoding="UTF-8"?>
<!-- Generated by org.testng.reporters.JUnitXMLReporter -->
<testsuite ignored="1" hostname="Ram" failures="0" tests="2" name="Test" time="51.01" errors="0" timestamp="2021-09-02T19:38:27 IST">
  <testcase classname="TestNG_Groups.AllTests" name="Add_Skills" time="27.585"/>
  <testcase classname="TestNG_Groups.AllTests" name="Login1" time="23.044"/>
  <testcase classname="TestNG_Groups.AllTests" name="Add_Nationalities" time="0.0">
    <ignored/>
  </testcase> <!-- Add_Nationalities -->
</testsuite> <!-- Test -->
